<?xml version="1.0" encoding="UTF-8"?>
<testsuite xmlns:xsi="http://www.w3.org/2001/XMLSchema-instance" xsi:noNamespaceSchemaLocation="https://maven.apache.org/surefire/maven-surefire-plugin/xsd/surefire-test-report-3.0.xsd" version="3.0" name="atm.TestEuro" time="0.099" tests="5" errors="0" skipped="0" failures="0">
  <properties>
[...]
</properties>
  <testcase name="testEqualTo" classname="atm.TestEuro" time="0.036"/>
  <testcase name="testLessThan" classname="atm.TestEuro" time="0.002"/>
  <testcase name="testSum" classname="atm.TestEuro" time="0.002"/>
  <testcase name="testSubtract" classname="atm.TestEuro" time="0.002"/>
  <testcase name="testPrint" classname="atm.TestEuro" time="0.007"/>
</testsuite>